
> ts-package@0.0.1 build /Users/federicovitale/Developer/templates/ts-package
> tsup src --config ./config/tsup.config.ts

[TS-PACKAGE] CLI Building entry: src/index.ts, src/math.ts
[TS-PACKAGE] CLI Using tsconfig: tsconfig.build.json
[TS-PACKAGE] CLI tsup v6.3.0
[TS-PACKAGE] CLI Using tsup config: /Users/federicovitale/Developer/templates/ts-package/config/tsup.config.ts
[TS-PACKAGE] CLI Target: node14
[TS-PACKAGE] CLI Cleaning output folder
[TS-PACKAGE] ESM Build start
[TS-PACKAGE] CJS Build start
[TS-PACKAGE] ESM build/index.mjs          64.00 B
[TS-PACKAGE] ESM build/chunk-VFOD2WPL.mjs 43.00 B
[TS-PACKAGE] ESM build/math.mjs           54.00 B
[TS-PACKAGE] ESM ⚡️ Build success in 6ms
[TS-PACKAGE] CJS build/index.js 63.00 B
[TS-PACKAGE] CJS build/math.js  525.00 B
[TS-PACKAGE] CJS ⚡️ Build success in 5ms
[TS-PACKAGE] DTS Build start
[TS-PACKAGE] DTS ⚡️ Build success in 665ms
[TS-PACKAGE] DTS build/index.d.ts 1.00 B
[TS-PACKAGE] DTS build/math.d.ts  69.00 B
